


ARM Macro Assembler    Page 1 


    1 00000000         ;******************** (C) COPYRIGHT 2016 STMicroelectron
                       ics ********************
    2 00000000         ;* File Name          : startup_stm32f769xx.s
    3 00000000         ;* Author             : MCD Application Team
    4 00000000         ;* Description        : STM32F769xx devices vector table
                        for MDK-ARM toolchain. 
    5 00000000         ;*                      This module performs:
    6 00000000         ;*                      - Set the initial SP
    7 00000000         ;*                      - Set the initial PC == Reset_Ha
                       ndler
    8 00000000         ;*                      - Set the vector table entries w
                       ith the exceptions ISR address
    9 00000000         ;*                      - Branches to __main in the C li
                       brary (which eventually
   10 00000000         ;*                        calls main()).
   11 00000000         ;*                      After Reset the CortexM7 process
                       or is in Thread mode,
   12 00000000         ;*                      priority is Privileged, and the 
                       Stack is set to Main.
   13 00000000         ;* <<< Use Configuration Wizard in Context Menu >>>   
   14 00000000         ;*******************************************************
                       ************************
   15 00000000         ; 
   16 00000000         ;* Redistribution and use in source and binary forms, wi
                       th or without modification,
   17 00000000         ;* are permitted provided that the following conditions 
                       are met:
   18 00000000         ;*   1. Redistributions of source code must retain the a
                       bove copyright notice,
   19 00000000         ;*      this list of conditions and the following discla
                       imer.
   20 00000000         ;*   2. Redistributions in binary form must reproduce th
                       e above copyright notice,
   21 00000000         ;*      this list of conditions and the following discla
                       imer in the documentation
   22 00000000         ;*      and/or other materials provided with the distrib
                       ution.
   23 00000000         ;*   3. Neither the name of STMicroelectronics nor the n
                       ames of its contributors
   24 00000000         ;*      may be used to endorse or promote products deriv
                       ed from this software
   25 00000000         ;*      without specific prior written permission.
   26 00000000         ;*
   27 00000000         ;* THIS SOFTWARE IS PROVIDED BY THE COPYRIGHT HOLDERS AN
                       D CONTRIBUTORS "AS IS"
   28 00000000         ;* AND ANY EXPRESS OR IMPLIED WARRANTIES, INCLUDING, BUT
                        NOT LIMITED TO, THE
   29 00000000         ;* IMPLIED WARRANTIES OF MERCHANTABILITY AND FITNESS FOR
                        A PARTICULAR PURPOSE ARE
   30 00000000         ;* DISCLAIMED. IN NO EVENT SHALL THE COPYRIGHT HOLDER OR
                        CONTRIBUTORS BE LIABLE
   31 00000000         ;* FOR ANY DIRECT, INDIRECT, INCIDENTAL, SPECIAL, EXEMPL
                       ARY, OR CONSEQUENTIAL
   32 00000000         ;* DAMAGES (INCLUDING, BUT NOT LIMITED TO, PROCUREMENT O
                       F SUBSTITUTE GOODS OR
   33 00000000         ;* SERVICES; LOSS OF USE, DATA, OR PROFITS; OR BUSINESS 
                       INTERRUPTION) HOWEVER
   34 00000000         ;* CAUSED AND ON ANY THEORY OF LIABILITY, WHETHER IN CON
                       TRACT, STRICT LIABILITY,



ARM Macro Assembler    Page 2 


   35 00000000         ;* OR TORT (INCLUDING NEGLIGENCE OR OTHERWISE) ARISING I
                       N ANY WAY OUT OF THE USE
   36 00000000         ;* OF THIS SOFTWARE, EVEN IF ADVISED OF THE POSSIBILITY 
                       OF SUCH DAMAGE.
   37 00000000         ; 
   38 00000000         ;*******************************************************
                       ************************
   39 00000000         
   40 00000000         ; Amount of memory (in bytes) allocated for Stack
   41 00000000         ; Tailor this value to your application needs
   42 00000000         ; <h> Stack Configuration
   43 00000000         ;   <o> Stack Size (in Bytes) <0x0-0xFFFFFFFF:8>
   44 00000000         ; </h>
   45 00000000         
   46 00000000 00004000 
                       Stack_Size
                               EQU              0x4000
   47 00000000         
   48 00000000                 AREA             STACK, NOINIT, READWRITE, ALIGN
=3
   49 00000000         Stack_Mem
                               SPACE            Stack_Size
   50 00004000         __initial_sp
   51 00004000         
   52 00004000         
   53 00004000         ; <h> Heap Configuration
   54 00004000         ;   <o>  Heap Size (in Bytes) <0x0-0xFFFFFFFF:8>
   55 00004000         ; </h>
   56 00004000         
   57 00004000 00002000 
                       Heap_Size
                               EQU              0x2000
   58 00004000         
   59 00004000                 AREA             HEAP, NOINIT, READWRITE, ALIGN=
3
   60 00000000         __heap_base
   61 00000000         Heap_Mem
                               SPACE            Heap_Size
   62 00002000         __heap_limit
   63 00002000         
   64 00002000                 PRESERVE8
   65 00002000                 THUMB
   66 00002000         
   67 00002000         
   68 00002000         ; Vector Table Mapped to Address 0 at Reset
   69 00002000                 AREA             RESET, DATA, READONLY
   70 00000000                 EXPORT           __Vectors
   71 00000000                 EXPORT           __Vectors_End
   72 00000000                 EXPORT           __Vectors_Size
   73 00000000         
   74 00000000 00000000 
                       __Vectors
                               DCD              __initial_sp ; Top of Stack
   75 00000004 00000000        DCD              Reset_Handler ; Reset Handler
   76 00000008 00000000        DCD              NMI_Handler ; NMI Handler
   77 0000000C 00000000        DCD              HardFault_Handler ; Hard Fault 
                                                            Handler
   78 00000010 00000000        DCD              MemManage_Handler 
                                                            ; MPU Fault Handler



ARM Macro Assembler    Page 3 


                                                            
   79 00000014 00000000        DCD              BusFault_Handler 
                                                            ; Bus Fault Handler
                                                            
   80 00000018 00000000        DCD              UsageFault_Handler ; Usage Faul
                                                            t Handler
   81 0000001C 00000000        DCD              0           ; Reserved
   82 00000020 00000000        DCD              0           ; Reserved
   83 00000024 00000000        DCD              0           ; Reserved
   84 00000028 00000000        DCD              0           ; Reserved
   85 0000002C 00000000        DCD              SVC_Handler ; SVCall Handler
   86 00000030 00000000        DCD              DebugMon_Handler ; Debug Monito
                                                            r Handler
   87 00000034 00000000        DCD              0           ; Reserved
   88 00000038 00000000        DCD              PendSV_Handler ; PendSV Handler
                                                            
   89 0000003C 00000000        DCD              SysTick_Handler 
                                                            ; SysTick Handler
   90 00000040         
   91 00000040         ; External Interrupts
   92 00000040 00000000        DCD              WWDG_IRQHandler ; Window WatchD
                                                            og                 
                                                                               
                                                                
   93 00000044 00000000        DCD              PVD_IRQHandler ; PVD through EX
                                                            TI Line detection  
                                                                               
                                                               
   94 00000048 00000000        DCD              TAMP_STAMP_IRQHandler ; Tamper 
                                                            and TimeStamps thro
                                                            ugh the EXTI line  
                                                                      
   95 0000004C 00000000        DCD              RTC_WKUP_IRQHandler ; RTC Wakeu
                                                            p through the EXTI 
                                                            line               
                                                                    
   96 00000050 00000000        DCD              FLASH_IRQHandler ; FLASH       
                                                                               
                                                                             
   97 00000054 00000000        DCD              RCC_IRQHandler ; RCC           
                                                                               
                                                                           
   98 00000058 00000000        DCD              EXTI0_IRQHandler ; EXTI Line0  
                                                                               
                                                                               
                                                                 
   99 0000005C 00000000        DCD              EXTI1_IRQHandler ; EXTI Line1  
                                                                               
                                                                               
                                                                 
  100 00000060 00000000        DCD              EXTI2_IRQHandler ; EXTI Line2  
                                                                               
                                                                               
                                                                 
  101 00000064 00000000        DCD              EXTI3_IRQHandler ; EXTI Line3  
                                                                               
                                                                               
                                                                 
  102 00000068 00000000        DCD              EXTI4_IRQHandler ; EXTI Line4  



ARM Macro Assembler    Page 4 


                                                                               
                                                                               
                                                                 
  103 0000006C 00000000        DCD              DMA1_Stream0_IRQHandler ; DMA1 
                                                            Stream 0           
                                                                               
                                                                 
  104 00000070 00000000        DCD              DMA1_Stream1_IRQHandler ; DMA1 
                                                            Stream 1           
                                                                               
                                                                 
  105 00000074 00000000        DCD              DMA1_Stream2_IRQHandler ; DMA1 
                                                            Stream 2           
                                                                               
                                                                 
  106 00000078 00000000        DCD              DMA1_Stream3_IRQHandler ; DMA1 
                                                            Stream 3           
                                                                               
                                                                 
  107 0000007C 00000000        DCD              DMA1_Stream4_IRQHandler ; DMA1 
                                                            Stream 4           
                                                                               
                                                                 
  108 00000080 00000000        DCD              DMA1_Stream5_IRQHandler ; DMA1 
                                                            Stream 5           
                                                                               
                                                                 
  109 00000084 00000000        DCD              DMA1_Stream6_IRQHandler ; DMA1 
                                                            Stream 6           
                                                                               
                                                                 
  110 00000088 00000000        DCD              ADC_IRQHandler ; ADC1, ADC2 and
                                                             ADC3s             
                                                                           
  111 0000008C 00000000        DCD              CAN1_TX_IRQHandler ; CAN1 TX   
                                                                               
                                                                               
                                                                   
  112 00000090 00000000        DCD              CAN1_RX0_IRQHandler ; CAN1 RX0 
                                                                               
                                                                               
                                                                    
  113 00000094 00000000        DCD              CAN1_RX1_IRQHandler ; CAN1 RX1 
                                                                               
                                                                               
                                                                    
  114 00000098 00000000        DCD              CAN1_SCE_IRQHandler ; CAN1 SCE 
                                                                               
                                                                               
                                                                    
  115 0000009C 00000000        DCD              EXTI9_5_IRQHandler ; External L
                                                            ine[9:5]s          
                                                                               
                                                                   
  116 000000A0 00000000        DCD              TIM1_BRK_TIM9_IRQHandler ; TIM1
                                                             Break and TIM9    
                                                                           
  117 000000A4 00000000        DCD              TIM1_UP_TIM10_IRQHandler ; TIM1
                                                             Update and TIM10  



ARM Macro Assembler    Page 5 


                                                                           
  118 000000A8 00000000        DCD              TIM1_TRG_COM_TIM11_IRQHandler ;
                                                             TIM1 Trigger and C
                                                            ommutation and TIM1
                                                            1
  119 000000AC 00000000        DCD              TIM1_CC_IRQHandler ; TIM1 Captu
                                                            re Compare         
                                                                               
                                                                   
  120 000000B0 00000000        DCD              TIM2_IRQHandler ; TIM2         
                                                                               
                                                                            
  121 000000B4 00000000        DCD              TIM3_IRQHandler ; TIM3         
                                                                               
                                                                            
  122 000000B8 00000000        DCD              TIM4_IRQHandler ; TIM4         
                                                                               
                                                                            
  123 000000BC 00000000        DCD              I2C1_EV_IRQHandler ; I2C1 Event
                                                                               
                                                                               
                                                                   
  124 000000C0 00000000        DCD              I2C1_ER_IRQHandler ; I2C1 Error
                                                                               
                                                                               
                                                                   
  125 000000C4 00000000        DCD              I2C2_EV_IRQHandler ; I2C2 Event
                                                                               
                                                                               
                                                                   
  126 000000C8 00000000        DCD              I2C2_ER_IRQHandler ; I2C2 Error
                                                                               
                                                                               
                                                                     
  127 000000CC 00000000        DCD              SPI1_IRQHandler ; SPI1         
                                                                               
                                                                            
  128 000000D0 00000000        DCD              SPI2_IRQHandler ; SPI2         
                                                                               
                                                                            
  129 000000D4 00000000        DCD              USART1_IRQHandler ; USART1     
                                                                               
                                                                              
  130 000000D8 00000000        DCD              USART2_IRQHandler ; USART2     
                                                                               
                                                                              
  131 000000DC 00000000        DCD              USART3_IRQHandler ; USART3     
                                                                               
                                                                              
  132 000000E0 00000000        DCD              EXTI15_10_IRQHandler ; External
                                                             Line[15:10]s      
                                                                               
                                                                     
  133 000000E4 00000000        DCD              RTC_Alarm_IRQHandler ; RTC Alar
                                                            m (A and B) through
                                                             EXTI Line         
                                                                     
  134 000000E8 00000000        DCD              OTG_FS_WKUP_IRQHandler ; USB OT
                                                            G FS Wakeup through



ARM Macro Assembler    Page 6 


                                                             EXTI line         
                                                                           
  135 000000EC 00000000        DCD              TIM8_BRK_TIM12_IRQHandler ; TIM
                                                            8 Break and TIM12  
                                                                            
  136 000000F0 00000000        DCD              TIM8_UP_TIM13_IRQHandler ; TIM8
                                                             Update and TIM13  
                                                                           
  137 000000F4 00000000        DCD              TIM8_TRG_COM_TIM14_IRQHandler ;
                                                             TIM8 Trigger and C
                                                            ommutation and TIM1
                                                            4
  138 000000F8 00000000        DCD              TIM8_CC_IRQHandler ; TIM8 Captu
                                                            re Compare         
                                                                               
                                                                   
  139 000000FC 00000000        DCD              DMA1_Stream7_IRQHandler ; DMA1 
                                                            Stream7            
                                                                               
                                                                        
  140 00000100 00000000        DCD              FMC_IRQHandler ; FMC           
                                                                               
                                                                           
  141 00000104 00000000        DCD              SDMMC1_IRQHandler ; SDMMC1     
                                                                               
                                                                               
                                                             
  142 00000108 00000000        DCD              TIM5_IRQHandler ; TIM5         
                                                                               
                                                                            
  143 0000010C 00000000        DCD              SPI3_IRQHandler ; SPI3         
                                                                               
                                                                            
  144 00000110 00000000        DCD              UART4_IRQHandler ; UART4       
                                                                               
                                                                             
  145 00000114 00000000        DCD              UART5_IRQHandler ; UART5       
                                                                               
                                                                             
  146 00000118 00000000        DCD              TIM6_DAC_IRQHandler ; TIM6 and 
                                                            DAC1&2 underrun err
                                                            ors                
                                                               
  147 0000011C 00000000        DCD              TIM7_IRQHandler ; TIM7         
                                                                      
  148 00000120 00000000        DCD              DMA2_Stream0_IRQHandler ; DMA2 
                                                            Stream 0           
                                                                               
                                                                 
  149 00000124 00000000        DCD              DMA2_Stream1_IRQHandler ; DMA2 
                                                            Stream 1           
                                                                               
                                                                 
  150 00000128 00000000        DCD              DMA2_Stream2_IRQHandler ; DMA2 
                                                            Stream 2           
                                                                               
                                                                 
  151 0000012C 00000000        DCD              DMA2_Stream3_IRQHandler ; DMA2 
                                                            Stream 3           



ARM Macro Assembler    Page 7 


                                                                               
                                                                 
  152 00000130 00000000        DCD              DMA2_Stream4_IRQHandler ; DMA2 
                                                            Stream 4           
                                                                               
                                                                 
  153 00000134 00000000        DCD              ETH_IRQHandler ; Ethernet      
                                                                               
                                                                           
  154 00000138 00000000        DCD              ETH_WKUP_IRQHandler ; Ethernet 
                                                            Wakeup through EXTI
                                                             line              
                                                                    
  155 0000013C 00000000        DCD              CAN2_TX_IRQHandler ; CAN2 TX   
                                                                               
                                                                               
                                                                   
  156 00000140 00000000        DCD              CAN2_RX0_IRQHandler ; CAN2 RX0 
                                                                               
                                                                               
                                                                    
  157 00000144 00000000        DCD              CAN2_RX1_IRQHandler ; CAN2 RX1 
                                                                               
                                                                               
                                                                    
  158 00000148 00000000        DCD              CAN2_SCE_IRQHandler ; CAN2 SCE 
                                                                               
                                                                               
                                                                    
  159 0000014C 00000000        DCD              OTG_FS_IRQHandler ; USB OTG FS 
                                                                               
                                                                              
  160 00000150 00000000        DCD              DMA2_Stream5_IRQHandler ; DMA2 
                                                            Stream 5           
                                                                               
                                                                 
  161 00000154 00000000        DCD              DMA2_Stream6_IRQHandler ; DMA2 
                                                            Stream 6           
                                                                               
                                                                 
  162 00000158 00000000        DCD              DMA2_Stream7_IRQHandler ; DMA2 
                                                            Stream 7           
                                                                               
                                                                 
  163 0000015C 00000000        DCD              USART6_IRQHandler ; USART6     
                                                                               
                                                                               
                                                            
  164 00000160 00000000        DCD              I2C3_EV_IRQHandler ; I2C3 event
                                                                               
                                                                               
                                                                   
  165 00000164 00000000        DCD              I2C3_ER_IRQHandler ; I2C3 error
                                                                               
                                                                               
                                                                   
  166 00000168 00000000        DCD              OTG_HS_EP1_OUT_IRQHandler ; USB
                                                             OTG HS End Point 1
                                                             Out               



ARM Macro Assembler    Page 8 


                                                                   
  167 0000016C 00000000        DCD              OTG_HS_EP1_IN_IRQHandler ; USB 
                                                            OTG HS End Point 1 
                                                            In                 
                                                                  
  168 00000170 00000000        DCD              OTG_HS_WKUP_IRQHandler ; USB OT
                                                            G HS Wakeup through
                                                             EXTI              
                                                                       
  169 00000174 00000000        DCD              OTG_HS_IRQHandler ; USB OTG HS 
                                                                               
                                                                              
  170 00000178 00000000        DCD              DCMI_IRQHandler ; DCMI         
                                                                               
                                                                            
  171 0000017C 00000000        DCD              0           ; Reserved         
                                                                               
                                                                     
  172 00000180 00000000        DCD              RNG_IRQHandler ; Rng
  173 00000184 00000000        DCD              FPU_IRQHandler ; FPU
  174 00000188 00000000        DCD              UART7_IRQHandler ; UART7
  175 0000018C 00000000        DCD              UART8_IRQHandler ; UART8
  176 00000190 00000000        DCD              SPI4_IRQHandler ; SPI4
  177 00000194 00000000        DCD              SPI5_IRQHandler ; SPI5
  178 00000198 00000000        DCD              SPI6_IRQHandler ; SPI6
  179 0000019C 00000000        DCD              SAI1_IRQHandler ; SAI1
  180 000001A0 00000000        DCD              LTDC_IRQHandler ; LTDC
  181 000001A4 00000000        DCD              LTDC_ER_IRQHandler ; LTDC error
                                                            
  182 000001A8 00000000        DCD              DMA2D_IRQHandler ; DMA2D
  183 000001AC 00000000        DCD              SAI2_IRQHandler ; SAI2
  184 000001B0 00000000        DCD              QUADSPI_IRQHandler ; QUADSPI
  185 000001B4 00000000        DCD              LPTIM1_IRQHandler ; LPTIM1
  186 000001B8 00000000        DCD              CEC_IRQHandler ; HDMI_CEC
  187 000001BC 00000000        DCD              I2C4_EV_IRQHandler ; I2C4 Event
                                                            
  188 000001C0 00000000        DCD              I2C4_ER_IRQHandler 
                                                            ; I2C4 Error 
  189 000001C4 00000000        DCD              SPDIF_RX_IRQHandler ; SPDIF_RX
  190 000001C8 00000000        DCD              DSI_IRQHandler ; DSI
  191 000001CC 00000000        DCD              DFSDM1_FLT0_IRQHandler ; DFSDM1
                                                             Filter 0 global In
                                                            terrupt
  192 000001D0 00000000        DCD              DFSDM1_FLT1_IRQHandler ; DFSDM1
                                                             Filter 1 global In
                                                            terrupt
  193 000001D4 00000000        DCD              DFSDM1_FLT2_IRQHandler ; DFSDM1
                                                             Filter 2 global In
                                                            terrupt
  194 000001D8 00000000        DCD              DFSDM1_FLT3_IRQHandler ; DFSDM1
                                                             Filter 3 global In
                                                            terrupt
  195 000001DC 00000000        DCD              SDMMC2_IRQHandler ; SDMMC2
  196 000001E0 00000000        DCD              CAN3_TX_IRQHandler ; CAN3 TX
  197 000001E4 00000000        DCD              CAN3_RX0_IRQHandler ; CAN3 RX0
  198 000001E8 00000000        DCD              CAN3_RX1_IRQHandler ; CAN3 RX1
  199 000001EC 00000000        DCD              CAN3_SCE_IRQHandler ; CAN3 SCE
  200 000001F0 00000000        DCD              JPEG_IRQHandler ; JPEG
  201 000001F4 00000000        DCD              MDIOS_IRQHandler ; MDIOS



ARM Macro Assembler    Page 9 


  202 000001F8         __Vectors_End
  203 000001F8         
  204 000001F8 000001F8 
                       __Vectors_Size
                               EQU              __Vectors_End - __Vectors
  205 000001F8         
  206 000001F8                 AREA             |.text|, CODE, READONLY
  207 00000000         
  208 00000000         ; Reset handler
  209 00000000         Reset_Handler
                               PROC
  210 00000000                 EXPORT           Reset_Handler             [WEAK
]
  211 00000000                 IMPORT           SystemInit
  212 00000000                 IMPORT           __main
  213 00000000         
  214 00000000 480C            LDR              R0, =SystemInit
  215 00000002 4780            BLX              R0
  216 00000004 480C            LDR              R0, =__main
  217 00000006 4700            BX               R0
  218 00000008                 ENDP
  219 00000008         
  220 00000008         ; Dummy Exception Handlers (infinite loops which can be 
                       modified)
  221 00000008         
  222 00000008         NMI_Handler
                               PROC
  223 00000008                 EXPORT           NMI_Handler                [WEA
K]
  224 00000008 E7FE            B                .
  225 0000000A                 ENDP
  227 0000000A         HardFault_Handler
                               PROC
  228 0000000A                 EXPORT           HardFault_Handler
  229 0000000A         
  230 0000000A F01E 0F04       TST              lr, #4      ; Determine correct
                                                             stack
  231 0000000E BF0C            ITE              EQ
  232 00000010 F3EF 8008       MRSEQ            R0, MSP     ; Read MSP (Main)
  233 00000014 F3EF 8009       MRSNE            R0, PSP     ; Read PSP (Process
                                                            )
  234 00000018         
  235 00000018 4621            MOV              R1, R4      ; Registers R4-R6
  236 0000001A 462A            MOV              R2, R5
  237 0000001C 4633            MOV              R3, R6      ;  sourcer32@gmail.
                                                            com
  238 0000001E         
  239 0000001E                 EXTERN           hard_fault_handler_c
  240 0000001E F7FF BFFE       B                hard_fault_handler_c
  241 00000022                 ENDP
  243 00000022         MemManage_Handler
                               PROC
  244 00000022                 EXPORT           MemManage_Handler          [WEA
K]
  245 00000022 E7FE            B                .
  246 00000024                 ENDP
  248 00000024         BusFault_Handler
                               PROC
  249 00000024                 EXPORT           BusFault_Handler           [WEA



ARM Macro Assembler    Page 10 


K]
  250 00000024 E7FE            B                .
  251 00000026                 ENDP
  253 00000026         UsageFault_Handler
                               PROC
  254 00000026                 EXPORT           UsageFault_Handler         [WEA
K]
  255 00000026 E7FE            B                .
  256 00000028                 ENDP
  257 00000028         SVC_Handler
                               PROC
  258 00000028                 EXPORT           SVC_Handler                [WEA
K]
  259 00000028 E7FE            B                .
  260 0000002A                 ENDP
  262 0000002A         DebugMon_Handler
                               PROC
  263 0000002A                 EXPORT           DebugMon_Handler           [WEA
K]
  264 0000002A E7FE            B                .
  265 0000002C                 ENDP
  266 0000002C         PendSV_Handler
                               PROC
  267 0000002C                 EXPORT           PendSV_Handler             [WEA
K]
  268 0000002C E7FE            B                .
  269 0000002E                 ENDP
  270 0000002E         SysTick_Handler
                               PROC
  271 0000002E                 EXPORT           SysTick_Handler            [WEA
K]
  272 0000002E E7FE            B                .
  273 00000030                 ENDP
  274 00000030         
  275 00000030         Default_Handler
                               PROC
  276 00000030         
  277 00000030                 EXPORT           WWDG_IRQHandler                
   [WEAK]
  278 00000030                 EXPORT           PVD_IRQHandler                 
   [WEAK]
  279 00000030                 EXPORT           TAMP_STAMP_IRQHandler          
   [WEAK]
  280 00000030                 EXPORT           RTC_WKUP_IRQHandler            
   [WEAK]
  281 00000030                 EXPORT           FLASH_IRQHandler               
   [WEAK]
  282 00000030                 EXPORT           RCC_IRQHandler                 
   [WEAK]
  283 00000030                 EXPORT           EXTI0_IRQHandler               
   [WEAK]
  284 00000030                 EXPORT           EXTI1_IRQHandler               
   [WEAK]
  285 00000030                 EXPORT           EXTI2_IRQHandler               
   [WEAK]
  286 00000030                 EXPORT           EXTI3_IRQHandler               
   [WEAK]
  287 00000030                 EXPORT           EXTI4_IRQHandler               
   [WEAK]



ARM Macro Assembler    Page 11 


  288 00000030                 EXPORT           DMA1_Stream0_IRQHandler        
   [WEAK]
  289 00000030                 EXPORT           DMA1_Stream1_IRQHandler        
   [WEAK]
  290 00000030                 EXPORT           DMA1_Stream2_IRQHandler        
   [WEAK]
  291 00000030                 EXPORT           DMA1_Stream3_IRQHandler        
   [WEAK]
  292 00000030                 EXPORT           DMA1_Stream4_IRQHandler        
   [WEAK]
  293 00000030                 EXPORT           DMA1_Stream5_IRQHandler        
   [WEAK]
  294 00000030                 EXPORT           DMA1_Stream6_IRQHandler        
   [WEAK]
  295 00000030                 EXPORT           ADC_IRQHandler                 
   [WEAK]
  296 00000030                 EXPORT           CAN1_TX_IRQHandler             
   [WEAK]
  297 00000030                 EXPORT           CAN1_RX0_IRQHandler            
   [WEAK]
  298 00000030                 EXPORT           CAN1_RX1_IRQHandler            
   [WEAK]
  299 00000030                 EXPORT           CAN1_SCE_IRQHandler            
   [WEAK]
  300 00000030                 EXPORT           EXTI9_5_IRQHandler             
   [WEAK]
  301 00000030                 EXPORT           TIM1_BRK_TIM9_IRQHandler       
   [WEAK]
  302 00000030                 EXPORT           TIM1_UP_TIM10_IRQHandler       
   [WEAK]
  303 00000030                 EXPORT           TIM1_TRG_COM_TIM11_IRQHandler  
   [WEAK]
  304 00000030                 EXPORT           TIM1_CC_IRQHandler             
   [WEAK]
  305 00000030                 EXPORT           TIM2_IRQHandler                
   [WEAK]
  306 00000030                 EXPORT           TIM3_IRQHandler                
   [WEAK]
  307 00000030                 EXPORT           TIM4_IRQHandler                
   [WEAK]
  308 00000030                 EXPORT           I2C1_EV_IRQHandler             
   [WEAK]
  309 00000030                 EXPORT           I2C1_ER_IRQHandler             
   [WEAK]
  310 00000030                 EXPORT           I2C2_EV_IRQHandler             
   [WEAK]
  311 00000030                 EXPORT           I2C2_ER_IRQHandler             
   [WEAK]
  312 00000030                 EXPORT           SPI1_IRQHandler                
   [WEAK]
  313 00000030                 EXPORT           SPI2_IRQHandler                
   [WEAK]
  314 00000030                 EXPORT           USART1_IRQHandler              
   [WEAK]
  315 00000030                 EXPORT           USART2_IRQHandler              
   [WEAK]
  316 00000030                 EXPORT           USART3_IRQHandler              
   [WEAK]
  317 00000030                 EXPORT           EXTI15_10_IRQHandler           



ARM Macro Assembler    Page 12 


   [WEAK]
  318 00000030                 EXPORT           RTC_Alarm_IRQHandler           
   [WEAK]
  319 00000030                 EXPORT           OTG_FS_WKUP_IRQHandler         
   [WEAK]
  320 00000030                 EXPORT           TIM8_BRK_TIM12_IRQHandler      
   [WEAK]
  321 00000030                 EXPORT           TIM8_UP_TIM13_IRQHandler       
   [WEAK]
  322 00000030                 EXPORT           TIM8_TRG_COM_TIM14_IRQHandler  
   [WEAK]
  323 00000030                 EXPORT           TIM8_CC_IRQHandler             
   [WEAK]
  324 00000030                 EXPORT           DMA1_Stream7_IRQHandler        
   [WEAK]
  325 00000030                 EXPORT           FMC_IRQHandler                 
   [WEAK]
  326 00000030                 EXPORT           SDMMC1_IRQHandler              
   [WEAK]
  327 00000030                 EXPORT           TIM5_IRQHandler                
   [WEAK]
  328 00000030                 EXPORT           SPI3_IRQHandler                
   [WEAK]
  329 00000030                 EXPORT           UART4_IRQHandler               
   [WEAK]
  330 00000030                 EXPORT           UART5_IRQHandler               
   [WEAK]
  331 00000030                 EXPORT           TIM6_DAC_IRQHandler            
   [WEAK]
  332 00000030                 EXPORT           TIM7_IRQHandler                
   [WEAK]
  333 00000030                 EXPORT           DMA2_Stream0_IRQHandler        
   [WEAK]
  334 00000030                 EXPORT           DMA2_Stream1_IRQHandler        
   [WEAK]
  335 00000030                 EXPORT           DMA2_Stream2_IRQHandler        
   [WEAK]
  336 00000030                 EXPORT           DMA2_Stream3_IRQHandler        
   [WEAK]
  337 00000030                 EXPORT           DMA2_Stream4_IRQHandler        
   [WEAK]
  338 00000030                 EXPORT           ETH_IRQHandler                 
   [WEAK]
  339 00000030                 EXPORT           ETH_WKUP_IRQHandler            
   [WEAK]
  340 00000030                 EXPORT           CAN2_TX_IRQHandler             
   [WEAK]
  341 00000030                 EXPORT           CAN2_RX0_IRQHandler            
   [WEAK]
  342 00000030                 EXPORT           CAN2_RX1_IRQHandler            
   [WEAK]
  343 00000030                 EXPORT           CAN2_SCE_IRQHandler            
   [WEAK]
  344 00000030                 EXPORT           OTG_FS_IRQHandler              
   [WEAK]
  345 00000030                 EXPORT           DMA2_Stream5_IRQHandler        
   [WEAK]
  346 00000030                 EXPORT           DMA2_Stream6_IRQHandler        
   [WEAK]



ARM Macro Assembler    Page 13 


  347 00000030                 EXPORT           DMA2_Stream7_IRQHandler        
   [WEAK]
  348 00000030                 EXPORT           USART6_IRQHandler              
   [WEAK]
  349 00000030                 EXPORT           I2C3_EV_IRQHandler             
   [WEAK]
  350 00000030                 EXPORT           I2C3_ER_IRQHandler             
   [WEAK]
  351 00000030                 EXPORT           OTG_HS_EP1_OUT_IRQHandler      
   [WEAK]
  352 00000030                 EXPORT           OTG_HS_EP1_IN_IRQHandler       
   [WEAK]
  353 00000030                 EXPORT           OTG_HS_WKUP_IRQHandler         
   [WEAK]
  354 00000030                 EXPORT           OTG_HS_IRQHandler              
   [WEAK]
  355 00000030                 EXPORT           DCMI_IRQHandler                
   [WEAK]
  356 00000030                 EXPORT           RNG_IRQHandler                 
   [WEAK]
  357 00000030                 EXPORT           FPU_IRQHandler                 
   [WEAK]
  358 00000030                 EXPORT           UART7_IRQHandler               
   [WEAK]
  359 00000030                 EXPORT           UART8_IRQHandler               
   [WEAK]
  360 00000030                 EXPORT           SPI4_IRQHandler                
   [WEAK]
  361 00000030                 EXPORT           SPI5_IRQHandler                
   [WEAK]
  362 00000030                 EXPORT           SPI6_IRQHandler                
   [WEAK]
  363 00000030                 EXPORT           SAI1_IRQHandler                
   [WEAK]
  364 00000030                 EXPORT           LTDC_IRQHandler                
   [WEAK]
  365 00000030                 EXPORT           LTDC_ER_IRQHandler             
   [WEAK]
  366 00000030                 EXPORT           DMA2D_IRQHandler               
   [WEAK]
  367 00000030                 EXPORT           SAI2_IRQHandler                
   [WEAK]
  368 00000030                 EXPORT           QUADSPI_IRQHandler             
   [WEAK]
  369 00000030                 EXPORT           LPTIM1_IRQHandler              
   [WEAK]
  370 00000030                 EXPORT           CEC_IRQHandler                 
   [WEAK]
  371 00000030                 EXPORT           I2C4_EV_IRQHandler             
   [WEAK]
  372 00000030                 EXPORT           I2C4_ER_IRQHandler             
   [WEAK]
  373 00000030                 EXPORT           SPDIF_RX_IRQHandler            
   [WEAK]
  374 00000030                 EXPORT           DSI_IRQHandler                 
   [WEAK]
  375 00000030                 EXPORT           DFSDM1_FLT0_IRQHandler         
   [WEAK]
  376 00000030                 EXPORT           DFSDM1_FLT1_IRQHandler         



ARM Macro Assembler    Page 14 


   [WEAK]
  377 00000030                 EXPORT           DFSDM1_FLT2_IRQHandler         
   [WEAK]
  378 00000030                 EXPORT           DFSDM1_FLT3_IRQHandler         
   [WEAK]
  379 00000030                 EXPORT           SDMMC2_IRQHandler              
   [WEAK]
  380 00000030                 EXPORT           CAN3_TX_IRQHandler             
   [WEAK]
  381 00000030                 EXPORT           CAN3_RX0_IRQHandler            
   [WEAK]
  382 00000030                 EXPORT           CAN3_RX1_IRQHandler            
   [WEAK]
  383 00000030                 EXPORT           CAN3_SCE_IRQHandler            
   [WEAK]
  384 00000030                 EXPORT           JPEG_IRQHandler                
   [WEAK]
  385 00000030                 EXPORT           MDIOS_IRQHandler               
   [WEAK]
  386 00000030         
  387 00000030         WWDG_IRQHandler
  388 00000030         PVD_IRQHandler
  389 00000030         TAMP_STAMP_IRQHandler
  390 00000030         RTC_WKUP_IRQHandler
  391 00000030         FLASH_IRQHandler
  392 00000030         RCC_IRQHandler
  393 00000030         EXTI0_IRQHandler
  394 00000030         EXTI1_IRQHandler
  395 00000030         EXTI2_IRQHandler
  396 00000030         EXTI3_IRQHandler
  397 00000030         EXTI4_IRQHandler
  398 00000030         DMA1_Stream0_IRQHandler
  399 00000030         DMA1_Stream1_IRQHandler
  400 00000030         DMA1_Stream2_IRQHandler
  401 00000030         DMA1_Stream3_IRQHandler
  402 00000030         DMA1_Stream4_IRQHandler
  403 00000030         DMA1_Stream5_IRQHandler
  404 00000030         DMA1_Stream6_IRQHandler
  405 00000030         ADC_IRQHandler
  406 00000030         CAN1_TX_IRQHandler
  407 00000030         CAN1_RX0_IRQHandler
  408 00000030         CAN1_RX1_IRQHandler
  409 00000030         CAN1_SCE_IRQHandler
  410 00000030         EXTI9_5_IRQHandler
  411 00000030         TIM1_BRK_TIM9_IRQHandler
  412 00000030         TIM1_UP_TIM10_IRQHandler
  413 00000030         TIM1_TRG_COM_TIM11_IRQHandler
  414 00000030         TIM1_CC_IRQHandler
  415 00000030         TIM2_IRQHandler
  416 00000030         TIM3_IRQHandler
  417 00000030         TIM4_IRQHandler
  418 00000030         I2C1_EV_IRQHandler
  419 00000030         I2C1_ER_IRQHandler
  420 00000030         I2C2_EV_IRQHandler
  421 00000030         I2C2_ER_IRQHandler
  422 00000030         SPI1_IRQHandler
  423 00000030         SPI2_IRQHandler
  424 00000030         USART1_IRQHandler
  425 00000030         USART2_IRQHandler



ARM Macro Assembler    Page 15 


  426 00000030         USART3_IRQHandler
  427 00000030         EXTI15_10_IRQHandler
  428 00000030         RTC_Alarm_IRQHandler
  429 00000030         OTG_FS_WKUP_IRQHandler
  430 00000030         TIM8_BRK_TIM12_IRQHandler
  431 00000030         TIM8_UP_TIM13_IRQHandler
  432 00000030         TIM8_TRG_COM_TIM14_IRQHandler
  433 00000030         TIM8_CC_IRQHandler
  434 00000030         DMA1_Stream7_IRQHandler
  435 00000030         FMC_IRQHandler
  436 00000030         SDMMC1_IRQHandler
  437 00000030         TIM5_IRQHandler
  438 00000030         SPI3_IRQHandler
  439 00000030         UART4_IRQHandler
  440 00000030         UART5_IRQHandler
  441 00000030         TIM6_DAC_IRQHandler
  442 00000030         TIM7_IRQHandler
  443 00000030         DMA2_Stream0_IRQHandler
  444 00000030         DMA2_Stream1_IRQHandler
  445 00000030         DMA2_Stream2_IRQHandler
  446 00000030         DMA2_Stream3_IRQHandler
  447 00000030         DMA2_Stream4_IRQHandler
  448 00000030         ETH_IRQHandler
  449 00000030         ETH_WKUP_IRQHandler
  450 00000030         CAN2_TX_IRQHandler
  451 00000030         CAN2_RX0_IRQHandler
  452 00000030         CAN2_RX1_IRQHandler
  453 00000030         CAN2_SCE_IRQHandler
  454 00000030         OTG_FS_IRQHandler
  455 00000030         DMA2_Stream5_IRQHandler
  456 00000030         DMA2_Stream6_IRQHandler
  457 00000030         DMA2_Stream7_IRQHandler
  458 00000030         USART6_IRQHandler
  459 00000030         I2C3_EV_IRQHandler
  460 00000030         I2C3_ER_IRQHandler
  461 00000030         OTG_HS_EP1_OUT_IRQHandler
  462 00000030         OTG_HS_EP1_IN_IRQHandler
  463 00000030         OTG_HS_WKUP_IRQHandler
  464 00000030         OTG_HS_IRQHandler
  465 00000030         DCMI_IRQHandler
  466 00000030         RNG_IRQHandler
  467 00000030         FPU_IRQHandler
  468 00000030         UART7_IRQHandler
  469 00000030         UART8_IRQHandler
  470 00000030         SPI4_IRQHandler
  471 00000030         SPI5_IRQHandler
  472 00000030         SPI6_IRQHandler
  473 00000030         SAI1_IRQHandler
  474 00000030         LTDC_IRQHandler
  475 00000030         LTDC_ER_IRQHandler
  476 00000030         DMA2D_IRQHandler
  477 00000030         SAI2_IRQHandler
  478 00000030         QUADSPI_IRQHandler
  479 00000030         LPTIM1_IRQHandler
  480 00000030         CEC_IRQHandler
  481 00000030         I2C4_EV_IRQHandler
  482 00000030         I2C4_ER_IRQHandler
  483 00000030         SPDIF_RX_IRQHandler
  484 00000030         DSI_IRQHandler



ARM Macro Assembler    Page 16 


  485 00000030         DFSDM1_FLT0_IRQHandler
  486 00000030         DFSDM1_FLT1_IRQHandler
  487 00000030         DFSDM1_FLT2_IRQHandler
  488 00000030         DFSDM1_FLT3_IRQHandler
  489 00000030         SDMMC2_IRQHandler
  490 00000030         CAN3_TX_IRQHandler
  491 00000030         CAN3_RX0_IRQHandler
  492 00000030         CAN3_RX1_IRQHandler
  493 00000030         CAN3_SCE_IRQHandler
  494 00000030         JPEG_IRQHandler
  495 00000030         MDIOS_IRQHandler
  496 00000030 E7FE            B                .
  497 00000032         
  498 00000032                 ENDP
  499 00000032         
  500 00000032 00 00           ALIGN
  501 00000034         
  502 00000034         ;*******************************************************
                       ************************
  503 00000034         ; User Stack and Heap initialization
  504 00000034         ;*******************************************************
                       ************************
  505 00000034                 IF               :DEF:__MICROLIB
  506 00000034         
  507 00000034                 EXPORT           __initial_sp
  508 00000034                 EXPORT           __heap_base
  509 00000034                 EXPORT           __heap_limit
  510 00000034         
  511 00000034                 ELSE
  526                          ENDIF
  527 00000034         
  528 00000034                 END
              00000000 
              00000000 
Command Line: --debug --xref --diag_suppress=9931 --cpu=Cortex-M7.fp.dp --apcs=
interwork --depend=rubbish\startup_stm32f769xx.d -orubbish\startup_stm32f769xx.
o -I..\\Inc -I..\Inc -I.\RTE\_rubbish -IC:\Users\user\AppData\Local\Arm\Packs\A
RM\CMSIS\5.6.0\CMSIS\Core\Include -IC:\Users\user\AppData\Local\Arm\Packs\Keil\
STM32F7xx_DFP\2.12.0\Drivers\CMSIS\Device\ST\STM32F7xx\Include --predefine="__M
ICROLIB SETA 1" --predefine="__UVISION_VERSION SETA 529" --predefine="_RTE_ SET
A 1" --predefine="STM32F769xx SETA 1" --list=startup_stm32f769xx.lst startup_st
m32f769xx.s



ARM Macro Assembler    Page 1 Alphabetic symbol ordering
Relocatable symbols

STACK 00000000

Symbol: STACK
   Definitions
      At line 48 in file startup_stm32f769xx.s
   Uses
      None
Comment: STACK unused
Stack_Mem 00000000

Symbol: Stack_Mem
   Definitions
      At line 49 in file startup_stm32f769xx.s
   Uses
      None
Comment: Stack_Mem unused
__initial_sp 00004000

Symbol: __initial_sp
   Definitions
      At line 50 in file startup_stm32f769xx.s
   Uses
      At line 74 in file startup_stm32f769xx.s
      At line 507 in file startup_stm32f769xx.s

3 symbols



ARM Macro Assembler    Page 1 Alphabetic symbol ordering
Relocatable symbols

HEAP 00000000

Symbol: HEAP
   Definitions
      At line 59 in file startup_stm32f769xx.s
   Uses
      None
Comment: HEAP unused
Heap_Mem 00000000

Symbol: Heap_Mem
   Definitions
      At line 61 in file startup_stm32f769xx.s
   Uses
      None
Comment: Heap_Mem unused
__heap_base 00000000

Symbol: __heap_base
   Definitions
      At line 60 in file startup_stm32f769xx.s
   Uses
      At line 508 in file startup_stm32f769xx.s
Comment: __heap_base used once
__heap_limit 00002000

Symbol: __heap_limit
   Definitions
      At line 62 in file startup_stm32f769xx.s
   Uses
      At line 509 in file startup_stm32f769xx.s
Comment: __heap_limit used once
4 symbols



ARM Macro Assembler    Page 1 Alphabetic symbol ordering
Relocatable symbols

RESET 00000000

Symbol: RESET
   Definitions
      At line 69 in file startup_stm32f769xx.s
   Uses
      None
Comment: RESET unused
__Vectors 00000000

Symbol: __Vectors
   Definitions
      At line 74 in file startup_stm32f769xx.s
   Uses
      At line 70 in file startup_stm32f769xx.s
      At line 204 in file startup_stm32f769xx.s

__Vectors_End 000001F8

Symbol: __Vectors_End
   Definitions
      At line 202 in file startup_stm32f769xx.s
   Uses
      At line 71 in file startup_stm32f769xx.s
      At line 204 in file startup_stm32f769xx.s

3 symbols



ARM Macro Assembler    Page 1 Alphabetic symbol ordering
Relocatable symbols

.text 00000000

Symbol: .text
   Definitions
      At line 206 in file startup_stm32f769xx.s
   Uses
      None
Comment: .text unused
ADC_IRQHandler 00000030

Symbol: ADC_IRQHandler
   Definitions
      At line 405 in file startup_stm32f769xx.s
   Uses
      At line 110 in file startup_stm32f769xx.s
      At line 295 in file startup_stm32f769xx.s

BusFault_Handler 00000024

Symbol: BusFault_Handler
   Definitions
      At line 248 in file startup_stm32f769xx.s
   Uses
      At line 79 in file startup_stm32f769xx.s
      At line 249 in file startup_stm32f769xx.s

CAN1_RX0_IRQHandler 00000030

Symbol: CAN1_RX0_IRQHandler
   Definitions
      At line 407 in file startup_stm32f769xx.s
   Uses
      At line 112 in file startup_stm32f769xx.s
      At line 297 in file startup_stm32f769xx.s

CAN1_RX1_IRQHandler 00000030

Symbol: CAN1_RX1_IRQHandler
   Definitions
      At line 408 in file startup_stm32f769xx.s
   Uses
      At line 113 in file startup_stm32f769xx.s
      At line 298 in file startup_stm32f769xx.s

CAN1_SCE_IRQHandler 00000030

Symbol: CAN1_SCE_IRQHandler
   Definitions
      At line 409 in file startup_stm32f769xx.s
   Uses
      At line 114 in file startup_stm32f769xx.s
      At line 299 in file startup_stm32f769xx.s

CAN1_TX_IRQHandler 00000030

Symbol: CAN1_TX_IRQHandler
   Definitions
      At line 406 in file startup_stm32f769xx.s
   Uses



ARM Macro Assembler    Page 2 Alphabetic symbol ordering
Relocatable symbols

      At line 111 in file startup_stm32f769xx.s
      At line 296 in file startup_stm32f769xx.s

CAN2_RX0_IRQHandler 00000030

Symbol: CAN2_RX0_IRQHandler
   Definitions
      At line 451 in file startup_stm32f769xx.s
   Uses
      At line 156 in file startup_stm32f769xx.s
      At line 341 in file startup_stm32f769xx.s

CAN2_RX1_IRQHandler 00000030

Symbol: CAN2_RX1_IRQHandler
   Definitions
      At line 452 in file startup_stm32f769xx.s
   Uses
      At line 157 in file startup_stm32f769xx.s
      At line 342 in file startup_stm32f769xx.s

CAN2_SCE_IRQHandler 00000030

Symbol: CAN2_SCE_IRQHandler
   Definitions
      At line 453 in file startup_stm32f769xx.s
   Uses
      At line 158 in file startup_stm32f769xx.s
      At line 343 in file startup_stm32f769xx.s

CAN2_TX_IRQHandler 00000030

Symbol: CAN2_TX_IRQHandler
   Definitions
      At line 450 in file startup_stm32f769xx.s
   Uses
      At line 155 in file startup_stm32f769xx.s
      At line 340 in file startup_stm32f769xx.s

CAN3_RX0_IRQHandler 00000030

Symbol: CAN3_RX0_IRQHandler
   Definitions
      At line 491 in file startup_stm32f769xx.s
   Uses
      At line 197 in file startup_stm32f769xx.s
      At line 381 in file startup_stm32f769xx.s

CAN3_RX1_IRQHandler 00000030

Symbol: CAN3_RX1_IRQHandler
   Definitions
      At line 492 in file startup_stm32f769xx.s
   Uses
      At line 198 in file startup_stm32f769xx.s
      At line 382 in file startup_stm32f769xx.s

CAN3_SCE_IRQHandler 00000030




ARM Macro Assembler    Page 3 Alphabetic symbol ordering
Relocatable symbols

Symbol: CAN3_SCE_IRQHandler
   Definitions
      At line 493 in file startup_stm32f769xx.s
   Uses
      At line 199 in file startup_stm32f769xx.s
      At line 383 in file startup_stm32f769xx.s

CAN3_TX_IRQHandler 00000030

Symbol: CAN3_TX_IRQHandler
   Definitions
      At line 490 in file startup_stm32f769xx.s
   Uses
      At line 196 in file startup_stm32f769xx.s
      At line 380 in file startup_stm32f769xx.s

CEC_IRQHandler 00000030

Symbol: CEC_IRQHandler
   Definitions
      At line 480 in file startup_stm32f769xx.s
   Uses
      At line 186 in file startup_stm32f769xx.s
      At line 370 in file startup_stm32f769xx.s

DCMI_IRQHandler 00000030

Symbol: DCMI_IRQHandler
   Definitions
      At line 465 in file startup_stm32f769xx.s
   Uses
      At line 170 in file startup_stm32f769xx.s
      At line 355 in file startup_stm32f769xx.s

DFSDM1_FLT0_IRQHandler 00000030

Symbol: DFSDM1_FLT0_IRQHandler
   Definitions
      At line 485 in file startup_stm32f769xx.s
   Uses
      At line 191 in file startup_stm32f769xx.s
      At line 375 in file startup_stm32f769xx.s

DFSDM1_FLT1_IRQHandler 00000030

Symbol: DFSDM1_FLT1_IRQHandler
   Definitions
      At line 486 in file startup_stm32f769xx.s
   Uses
      At line 192 in file startup_stm32f769xx.s
      At line 376 in file startup_stm32f769xx.s

DFSDM1_FLT2_IRQHandler 00000030

Symbol: DFSDM1_FLT2_IRQHandler
   Definitions
      At line 487 in file startup_stm32f769xx.s
   Uses
      At line 193 in file startup_stm32f769xx.s



ARM Macro Assembler    Page 4 Alphabetic symbol ordering
Relocatable symbols

      At line 377 in file startup_stm32f769xx.s

DFSDM1_FLT3_IRQHandler 00000030

Symbol: DFSDM1_FLT3_IRQHandler
   Definitions
      At line 488 in file startup_stm32f769xx.s
   Uses
      At line 194 in file startup_stm32f769xx.s
      At line 378 in file startup_stm32f769xx.s

DMA1_Stream0_IRQHandler 00000030

Symbol: DMA1_Stream0_IRQHandler
   Definitions
      At line 398 in file startup_stm32f769xx.s
   Uses
      At line 103 in file startup_stm32f769xx.s
      At line 288 in file startup_stm32f769xx.s

DMA1_Stream1_IRQHandler 00000030

Symbol: DMA1_Stream1_IRQHandler
   Definitions
      At line 399 in file startup_stm32f769xx.s
   Uses
      At line 104 in file startup_stm32f769xx.s
      At line 289 in file startup_stm32f769xx.s

DMA1_Stream2_IRQHandler 00000030

Symbol: DMA1_Stream2_IRQHandler
   Definitions
      At line 400 in file startup_stm32f769xx.s
   Uses
      At line 105 in file startup_stm32f769xx.s
      At line 290 in file startup_stm32f769xx.s

DMA1_Stream3_IRQHandler 00000030

Symbol: DMA1_Stream3_IRQHandler
   Definitions
      At line 401 in file startup_stm32f769xx.s
   Uses
      At line 106 in file startup_stm32f769xx.s
      At line 291 in file startup_stm32f769xx.s

DMA1_Stream4_IRQHandler 00000030

Symbol: DMA1_Stream4_IRQHandler
   Definitions
      At line 402 in file startup_stm32f769xx.s
   Uses
      At line 107 in file startup_stm32f769xx.s
      At line 292 in file startup_stm32f769xx.s

DMA1_Stream5_IRQHandler 00000030

Symbol: DMA1_Stream5_IRQHandler



ARM Macro Assembler    Page 5 Alphabetic symbol ordering
Relocatable symbols

   Definitions
      At line 403 in file startup_stm32f769xx.s
   Uses
      At line 108 in file startup_stm32f769xx.s
      At line 293 in file startup_stm32f769xx.s

DMA1_Stream6_IRQHandler 00000030

Symbol: DMA1_Stream6_IRQHandler
   Definitions
      At line 404 in file startup_stm32f769xx.s
   Uses
      At line 109 in file startup_stm32f769xx.s
      At line 294 in file startup_stm32f769xx.s

DMA1_Stream7_IRQHandler 00000030

Symbol: DMA1_Stream7_IRQHandler
   Definitions
      At line 434 in file startup_stm32f769xx.s
   Uses
      At line 139 in file startup_stm32f769xx.s
      At line 324 in file startup_stm32f769xx.s

DMA2D_IRQHandler 00000030

Symbol: DMA2D_IRQHandler
   Definitions
      At line 476 in file startup_stm32f769xx.s
   Uses
      At line 182 in file startup_stm32f769xx.s
      At line 366 in file startup_stm32f769xx.s

DMA2_Stream0_IRQHandler 00000030

Symbol: DMA2_Stream0_IRQHandler
   Definitions
      At line 443 in file startup_stm32f769xx.s
   Uses
      At line 148 in file startup_stm32f769xx.s
      At line 333 in file startup_stm32f769xx.s

DMA2_Stream1_IRQHandler 00000030

Symbol: DMA2_Stream1_IRQHandler
   Definitions
      At line 444 in file startup_stm32f769xx.s
   Uses
      At line 149 in file startup_stm32f769xx.s
      At line 334 in file startup_stm32f769xx.s

DMA2_Stream2_IRQHandler 00000030

Symbol: DMA2_Stream2_IRQHandler
   Definitions
      At line 445 in file startup_stm32f769xx.s
   Uses
      At line 150 in file startup_stm32f769xx.s
      At line 335 in file startup_stm32f769xx.s



ARM Macro Assembler    Page 6 Alphabetic symbol ordering
Relocatable symbols


DMA2_Stream3_IRQHandler 00000030

Symbol: DMA2_Stream3_IRQHandler
   Definitions
      At line 446 in file startup_stm32f769xx.s
   Uses
      At line 151 in file startup_stm32f769xx.s
      At line 336 in file startup_stm32f769xx.s

DMA2_Stream4_IRQHandler 00000030

Symbol: DMA2_Stream4_IRQHandler
   Definitions
      At line 447 in file startup_stm32f769xx.s
   Uses
      At line 152 in file startup_stm32f769xx.s
      At line 337 in file startup_stm32f769xx.s

DMA2_Stream5_IRQHandler 00000030

Symbol: DMA2_Stream5_IRQHandler
   Definitions
      At line 455 in file startup_stm32f769xx.s
   Uses
      At line 160 in file startup_stm32f769xx.s
      At line 345 in file startup_stm32f769xx.s

DMA2_Stream6_IRQHandler 00000030

Symbol: DMA2_Stream6_IRQHandler
   Definitions
      At line 456 in file startup_stm32f769xx.s
   Uses
      At line 161 in file startup_stm32f769xx.s
      At line 346 in file startup_stm32f769xx.s

DMA2_Stream7_IRQHandler 00000030

Symbol: DMA2_Stream7_IRQHandler
   Definitions
      At line 457 in file startup_stm32f769xx.s
   Uses
      At line 162 in file startup_stm32f769xx.s
      At line 347 in file startup_stm32f769xx.s

DSI_IRQHandler 00000030

Symbol: DSI_IRQHandler
   Definitions
      At line 484 in file startup_stm32f769xx.s
   Uses
      At line 190 in file startup_stm32f769xx.s
      At line 374 in file startup_stm32f769xx.s

DebugMon_Handler 0000002A

Symbol: DebugMon_Handler
   Definitions



ARM Macro Assembler    Page 7 Alphabetic symbol ordering
Relocatable symbols

      At line 262 in file startup_stm32f769xx.s
   Uses
      At line 86 in file startup_stm32f769xx.s
      At line 263 in file startup_stm32f769xx.s

Default_Handler 00000030

Symbol: Default_Handler
   Definitions
      At line 275 in file startup_stm32f769xx.s
   Uses
      None
Comment: Default_Handler unused
ETH_IRQHandler 00000030

Symbol: ETH_IRQHandler
   Definitions
      At line 448 in file startup_stm32f769xx.s
   Uses
      At line 153 in file startup_stm32f769xx.s
      At line 338 in file startup_stm32f769xx.s

ETH_WKUP_IRQHandler 00000030

Symbol: ETH_WKUP_IRQHandler
   Definitions
      At line 449 in file startup_stm32f769xx.s
   Uses
      At line 154 in file startup_stm32f769xx.s
      At line 339 in file startup_stm32f769xx.s

EXTI0_IRQHandler 00000030

Symbol: EXTI0_IRQHandler
   Definitions
      At line 393 in file startup_stm32f769xx.s
   Uses
      At line 98 in file startup_stm32f769xx.s
      At line 283 in file startup_stm32f769xx.s

EXTI15_10_IRQHandler 00000030

Symbol: EXTI15_10_IRQHandler
   Definitions
      At line 427 in file startup_stm32f769xx.s
   Uses
      At line 132 in file startup_stm32f769xx.s
      At line 317 in file startup_stm32f769xx.s

EXTI1_IRQHandler 00000030

Symbol: EXTI1_IRQHandler
   Definitions
      At line 394 in file startup_stm32f769xx.s
   Uses
      At line 99 in file startup_stm32f769xx.s
      At line 284 in file startup_stm32f769xx.s

EXTI2_IRQHandler 00000030



ARM Macro Assembler    Page 8 Alphabetic symbol ordering
Relocatable symbols


Symbol: EXTI2_IRQHandler
   Definitions
      At line 395 in file startup_stm32f769xx.s
   Uses
      At line 100 in file startup_stm32f769xx.s
      At line 285 in file startup_stm32f769xx.s

EXTI3_IRQHandler 00000030

Symbol: EXTI3_IRQHandler
   Definitions
      At line 396 in file startup_stm32f769xx.s
   Uses
      At line 101 in file startup_stm32f769xx.s
      At line 286 in file startup_stm32f769xx.s

EXTI4_IRQHandler 00000030

Symbol: EXTI4_IRQHandler
   Definitions
      At line 397 in file startup_stm32f769xx.s
   Uses
      At line 102 in file startup_stm32f769xx.s
      At line 287 in file startup_stm32f769xx.s

EXTI9_5_IRQHandler 00000030

Symbol: EXTI9_5_IRQHandler
   Definitions
      At line 410 in file startup_stm32f769xx.s
   Uses
      At line 115 in file startup_stm32f769xx.s
      At line 300 in file startup_stm32f769xx.s

FLASH_IRQHandler 00000030

Symbol: FLASH_IRQHandler
   Definitions
      At line 391 in file startup_stm32f769xx.s
   Uses
      At line 96 in file startup_stm32f769xx.s
      At line 281 in file startup_stm32f769xx.s

FMC_IRQHandler 00000030

Symbol: FMC_IRQHandler
   Definitions
      At line 435 in file startup_stm32f769xx.s
   Uses
      At line 140 in file startup_stm32f769xx.s
      At line 325 in file startup_stm32f769xx.s

FPU_IRQHandler 00000030

Symbol: FPU_IRQHandler
   Definitions
      At line 467 in file startup_stm32f769xx.s
   Uses



ARM Macro Assembler    Page 9 Alphabetic symbol ordering
Relocatable symbols

      At line 173 in file startup_stm32f769xx.s
      At line 357 in file startup_stm32f769xx.s

HardFault_Handler 0000000A

Symbol: HardFault_Handler
   Definitions
      At line 227 in file startup_stm32f769xx.s
   Uses
      At line 77 in file startup_stm32f769xx.s
      At line 228 in file startup_stm32f769xx.s

I2C1_ER_IRQHandler 00000030

Symbol: I2C1_ER_IRQHandler
   Definitions
      At line 419 in file startup_stm32f769xx.s
   Uses
      At line 124 in file startup_stm32f769xx.s
      At line 309 in file startup_stm32f769xx.s

I2C1_EV_IRQHandler 00000030

Symbol: I2C1_EV_IRQHandler
   Definitions
      At line 418 in file startup_stm32f769xx.s
   Uses
      At line 123 in file startup_stm32f769xx.s
      At line 308 in file startup_stm32f769xx.s

I2C2_ER_IRQHandler 00000030

Symbol: I2C2_ER_IRQHandler
   Definitions
      At line 421 in file startup_stm32f769xx.s
   Uses
      At line 126 in file startup_stm32f769xx.s
      At line 311 in file startup_stm32f769xx.s

I2C2_EV_IRQHandler 00000030

Symbol: I2C2_EV_IRQHandler
   Definitions
      At line 420 in file startup_stm32f769xx.s
   Uses
      At line 125 in file startup_stm32f769xx.s
      At line 310 in file startup_stm32f769xx.s

I2C3_ER_IRQHandler 00000030

Symbol: I2C3_ER_IRQHandler
   Definitions
      At line 460 in file startup_stm32f769xx.s
   Uses
      At line 165 in file startup_stm32f769xx.s
      At line 350 in file startup_stm32f769xx.s

I2C3_EV_IRQHandler 00000030




ARM Macro Assembler    Page 10 Alphabetic symbol ordering
Relocatable symbols

Symbol: I2C3_EV_IRQHandler
   Definitions
      At line 459 in file startup_stm32f769xx.s
   Uses
      At line 164 in file startup_stm32f769xx.s
      At line 349 in file startup_stm32f769xx.s

I2C4_ER_IRQHandler 00000030

Symbol: I2C4_ER_IRQHandler
   Definitions
      At line 482 in file startup_stm32f769xx.s
   Uses
      At line 188 in file startup_stm32f769xx.s
      At line 372 in file startup_stm32f769xx.s

I2C4_EV_IRQHandler 00000030

Symbol: I2C4_EV_IRQHandler
   Definitions
      At line 481 in file startup_stm32f769xx.s
   Uses
      At line 187 in file startup_stm32f769xx.s
      At line 371 in file startup_stm32f769xx.s

JPEG_IRQHandler 00000030

Symbol: JPEG_IRQHandler
   Definitions
      At line 494 in file startup_stm32f769xx.s
   Uses
      At line 200 in file startup_stm32f769xx.s
      At line 384 in file startup_stm32f769xx.s

LPTIM1_IRQHandler 00000030

Symbol: LPTIM1_IRQHandler
   Definitions
      At line 479 in file startup_stm32f769xx.s
   Uses
      At line 185 in file startup_stm32f769xx.s
      At line 369 in file startup_stm32f769xx.s

LTDC_ER_IRQHandler 00000030

Symbol: LTDC_ER_IRQHandler
   Definitions
      At line 475 in file startup_stm32f769xx.s
   Uses
      At line 181 in file startup_stm32f769xx.s
      At line 365 in file startup_stm32f769xx.s

LTDC_IRQHandler 00000030

Symbol: LTDC_IRQHandler
   Definitions
      At line 474 in file startup_stm32f769xx.s
   Uses
      At line 180 in file startup_stm32f769xx.s



ARM Macro Assembler    Page 11 Alphabetic symbol ordering
Relocatable symbols

      At line 364 in file startup_stm32f769xx.s

MDIOS_IRQHandler 00000030

Symbol: MDIOS_IRQHandler
   Definitions
      At line 495 in file startup_stm32f769xx.s
   Uses
      At line 201 in file startup_stm32f769xx.s
      At line 385 in file startup_stm32f769xx.s

MemManage_Handler 00000022

Symbol: MemManage_Handler
   Definitions
      At line 243 in file startup_stm32f769xx.s
   Uses
      At line 78 in file startup_stm32f769xx.s
      At line 244 in file startup_stm32f769xx.s

NMI_Handler 00000008

Symbol: NMI_Handler
   Definitions
      At line 222 in file startup_stm32f769xx.s
   Uses
      At line 76 in file startup_stm32f769xx.s
      At line 223 in file startup_stm32f769xx.s

OTG_FS_IRQHandler 00000030

Symbol: OTG_FS_IRQHandler
   Definitions
      At line 454 in file startup_stm32f769xx.s
   Uses
      At line 159 in file startup_stm32f769xx.s
      At line 344 in file startup_stm32f769xx.s

OTG_FS_WKUP_IRQHandler 00000030

Symbol: OTG_FS_WKUP_IRQHandler
   Definitions
      At line 429 in file startup_stm32f769xx.s
   Uses
      At line 134 in file startup_stm32f769xx.s
      At line 319 in file startup_stm32f769xx.s

OTG_HS_EP1_IN_IRQHandler 00000030

Symbol: OTG_HS_EP1_IN_IRQHandler
   Definitions
      At line 462 in file startup_stm32f769xx.s
   Uses
      At line 167 in file startup_stm32f769xx.s
      At line 352 in file startup_stm32f769xx.s

OTG_HS_EP1_OUT_IRQHandler 00000030

Symbol: OTG_HS_EP1_OUT_IRQHandler



ARM Macro Assembler    Page 12 Alphabetic symbol ordering
Relocatable symbols

   Definitions
      At line 461 in file startup_stm32f769xx.s
   Uses
      At line 166 in file startup_stm32f769xx.s
      At line 351 in file startup_stm32f769xx.s

OTG_HS_IRQHandler 00000030

Symbol: OTG_HS_IRQHandler
   Definitions
      At line 464 in file startup_stm32f769xx.s
   Uses
      At line 169 in file startup_stm32f769xx.s
      At line 354 in file startup_stm32f769xx.s

OTG_HS_WKUP_IRQHandler 00000030

Symbol: OTG_HS_WKUP_IRQHandler
   Definitions
      At line 463 in file startup_stm32f769xx.s
   Uses
      At line 168 in file startup_stm32f769xx.s
      At line 353 in file startup_stm32f769xx.s

PVD_IRQHandler 00000030

Symbol: PVD_IRQHandler
   Definitions
      At line 388 in file startup_stm32f769xx.s
   Uses
      At line 93 in file startup_stm32f769xx.s
      At line 278 in file startup_stm32f769xx.s

PendSV_Handler 0000002C

Symbol: PendSV_Handler
   Definitions
      At line 266 in file startup_stm32f769xx.s
   Uses
      At line 88 in file startup_stm32f769xx.s
      At line 267 in file startup_stm32f769xx.s

QUADSPI_IRQHandler 00000030

Symbol: QUADSPI_IRQHandler
   Definitions
      At line 478 in file startup_stm32f769xx.s
   Uses
      At line 184 in file startup_stm32f769xx.s
      At line 368 in file startup_stm32f769xx.s

RCC_IRQHandler 00000030

Symbol: RCC_IRQHandler
   Definitions
      At line 392 in file startup_stm32f769xx.s
   Uses
      At line 97 in file startup_stm32f769xx.s
      At line 282 in file startup_stm32f769xx.s



ARM Macro Assembler    Page 13 Alphabetic symbol ordering
Relocatable symbols


RNG_IRQHandler 00000030

Symbol: RNG_IRQHandler
   Definitions
      At line 466 in file startup_stm32f769xx.s
   Uses
      At line 172 in file startup_stm32f769xx.s
      At line 356 in file startup_stm32f769xx.s

RTC_Alarm_IRQHandler 00000030

Symbol: RTC_Alarm_IRQHandler
   Definitions
      At line 428 in file startup_stm32f769xx.s
   Uses
      At line 133 in file startup_stm32f769xx.s
      At line 318 in file startup_stm32f769xx.s

RTC_WKUP_IRQHandler 00000030

Symbol: RTC_WKUP_IRQHandler
   Definitions
      At line 390 in file startup_stm32f769xx.s
   Uses
      At line 95 in file startup_stm32f769xx.s
      At line 280 in file startup_stm32f769xx.s

Reset_Handler 00000000

Symbol: Reset_Handler
   Definitions
      At line 209 in file startup_stm32f769xx.s
   Uses
      At line 75 in file startup_stm32f769xx.s
      At line 210 in file startup_stm32f769xx.s

SAI1_IRQHandler 00000030

Symbol: SAI1_IRQHandler
   Definitions
      At line 473 in file startup_stm32f769xx.s
   Uses
      At line 179 in file startup_stm32f769xx.s
      At line 363 in file startup_stm32f769xx.s

SAI2_IRQHandler 00000030

Symbol: SAI2_IRQHandler
   Definitions
      At line 477 in file startup_stm32f769xx.s
   Uses
      At line 183 in file startup_stm32f769xx.s
      At line 367 in file startup_stm32f769xx.s

SDMMC1_IRQHandler 00000030

Symbol: SDMMC1_IRQHandler
   Definitions



ARM Macro Assembler    Page 14 Alphabetic symbol ordering
Relocatable symbols

      At line 436 in file startup_stm32f769xx.s
   Uses
      At line 141 in file startup_stm32f769xx.s
      At line 326 in file startup_stm32f769xx.s

SDMMC2_IRQHandler 00000030

Symbol: SDMMC2_IRQHandler
   Definitions
      At line 489 in file startup_stm32f769xx.s
   Uses
      At line 195 in file startup_stm32f769xx.s
      At line 379 in file startup_stm32f769xx.s

SPDIF_RX_IRQHandler 00000030

Symbol: SPDIF_RX_IRQHandler
   Definitions
      At line 483 in file startup_stm32f769xx.s
   Uses
      At line 189 in file startup_stm32f769xx.s
      At line 373 in file startup_stm32f769xx.s

SPI1_IRQHandler 00000030

Symbol: SPI1_IRQHandler
   Definitions
      At line 422 in file startup_stm32f769xx.s
   Uses
      At line 127 in file startup_stm32f769xx.s
      At line 312 in file startup_stm32f769xx.s

SPI2_IRQHandler 00000030

Symbol: SPI2_IRQHandler
   Definitions
      At line 423 in file startup_stm32f769xx.s
   Uses
      At line 128 in file startup_stm32f769xx.s
      At line 313 in file startup_stm32f769xx.s

SPI3_IRQHandler 00000030

Symbol: SPI3_IRQHandler
   Definitions
      At line 438 in file startup_stm32f769xx.s
   Uses
      At line 143 in file startup_stm32f769xx.s
      At line 328 in file startup_stm32f769xx.s

SPI4_IRQHandler 00000030

Symbol: SPI4_IRQHandler
   Definitions
      At line 470 in file startup_stm32f769xx.s
   Uses
      At line 176 in file startup_stm32f769xx.s
      At line 360 in file startup_stm32f769xx.s




ARM Macro Assembler    Page 15 Alphabetic symbol ordering
Relocatable symbols

SPI5_IRQHandler 00000030

Symbol: SPI5_IRQHandler
   Definitions
      At line 471 in file startup_stm32f769xx.s
   Uses
      At line 177 in file startup_stm32f769xx.s
      At line 361 in file startup_stm32f769xx.s

SPI6_IRQHandler 00000030

Symbol: SPI6_IRQHandler
   Definitions
      At line 472 in file startup_stm32f769xx.s
   Uses
      At line 178 in file startup_stm32f769xx.s
      At line 362 in file startup_stm32f769xx.s

SVC_Handler 00000028

Symbol: SVC_Handler
   Definitions
      At line 257 in file startup_stm32f769xx.s
   Uses
      At line 85 in file startup_stm32f769xx.s
      At line 258 in file startup_stm32f769xx.s

SysTick_Handler 0000002E

Symbol: SysTick_Handler
   Definitions
      At line 270 in file startup_stm32f769xx.s
   Uses
      At line 89 in file startup_stm32f769xx.s
      At line 271 in file startup_stm32f769xx.s

TAMP_STAMP_IRQHandler 00000030

Symbol: TAMP_STAMP_IRQHandler
   Definitions
      At line 389 in file startup_stm32f769xx.s
   Uses
      At line 94 in file startup_stm32f769xx.s
      At line 279 in file startup_stm32f769xx.s

TIM1_BRK_TIM9_IRQHandler 00000030

Symbol: TIM1_BRK_TIM9_IRQHandler
   Definitions
      At line 411 in file startup_stm32f769xx.s
   Uses
      At line 116 in file startup_stm32f769xx.s
      At line 301 in file startup_stm32f769xx.s

TIM1_CC_IRQHandler 00000030

Symbol: TIM1_CC_IRQHandler
   Definitions
      At line 414 in file startup_stm32f769xx.s



ARM Macro Assembler    Page 16 Alphabetic symbol ordering
Relocatable symbols

   Uses
      At line 119 in file startup_stm32f769xx.s
      At line 304 in file startup_stm32f769xx.s

TIM1_TRG_COM_TIM11_IRQHandler 00000030

Symbol: TIM1_TRG_COM_TIM11_IRQHandler
   Definitions
      At line 413 in file startup_stm32f769xx.s
   Uses
      At line 118 in file startup_stm32f769xx.s
      At line 303 in file startup_stm32f769xx.s

TIM1_UP_TIM10_IRQHandler 00000030

Symbol: TIM1_UP_TIM10_IRQHandler
   Definitions
      At line 412 in file startup_stm32f769xx.s
   Uses
      At line 117 in file startup_stm32f769xx.s
      At line 302 in file startup_stm32f769xx.s

TIM2_IRQHandler 00000030

Symbol: TIM2_IRQHandler
   Definitions
      At line 415 in file startup_stm32f769xx.s
   Uses
      At line 120 in file startup_stm32f769xx.s
      At line 305 in file startup_stm32f769xx.s

TIM3_IRQHandler 00000030

Symbol: TIM3_IRQHandler
   Definitions
      At line 416 in file startup_stm32f769xx.s
   Uses
      At line 121 in file startup_stm32f769xx.s
      At line 306 in file startup_stm32f769xx.s

TIM4_IRQHandler 00000030

Symbol: TIM4_IRQHandler
   Definitions
      At line 417 in file startup_stm32f769xx.s
   Uses
      At line 122 in file startup_stm32f769xx.s
      At line 307 in file startup_stm32f769xx.s

TIM5_IRQHandler 00000030

Symbol: TIM5_IRQHandler
   Definitions
      At line 437 in file startup_stm32f769xx.s
   Uses
      At line 142 in file startup_stm32f769xx.s
      At line 327 in file startup_stm32f769xx.s

TIM6_DAC_IRQHandler 00000030



ARM Macro Assembler    Page 17 Alphabetic symbol ordering
Relocatable symbols


Symbol: TIM6_DAC_IRQHandler
   Definitions
      At line 441 in file startup_stm32f769xx.s
   Uses
      At line 146 in file startup_stm32f769xx.s
      At line 331 in file startup_stm32f769xx.s

TIM7_IRQHandler 00000030

Symbol: TIM7_IRQHandler
   Definitions
      At line 442 in file startup_stm32f769xx.s
   Uses
      At line 147 in file startup_stm32f769xx.s
      At line 332 in file startup_stm32f769xx.s

TIM8_BRK_TIM12_IRQHandler 00000030

Symbol: TIM8_BRK_TIM12_IRQHandler
   Definitions
      At line 430 in file startup_stm32f769xx.s
   Uses
      At line 135 in file startup_stm32f769xx.s
      At line 320 in file startup_stm32f769xx.s

TIM8_CC_IRQHandler 00000030

Symbol: TIM8_CC_IRQHandler
   Definitions
      At line 433 in file startup_stm32f769xx.s
   Uses
      At line 138 in file startup_stm32f769xx.s
      At line 323 in file startup_stm32f769xx.s

TIM8_TRG_COM_TIM14_IRQHandler 00000030

Symbol: TIM8_TRG_COM_TIM14_IRQHandler
   Definitions
      At line 432 in file startup_stm32f769xx.s
   Uses
      At line 137 in file startup_stm32f769xx.s
      At line 322 in file startup_stm32f769xx.s

TIM8_UP_TIM13_IRQHandler 00000030

Symbol: TIM8_UP_TIM13_IRQHandler
   Definitions
      At line 431 in file startup_stm32f769xx.s
   Uses
      At line 136 in file startup_stm32f769xx.s
      At line 321 in file startup_stm32f769xx.s

UART4_IRQHandler 00000030

Symbol: UART4_IRQHandler
   Definitions
      At line 439 in file startup_stm32f769xx.s
   Uses



ARM Macro Assembler    Page 18 Alphabetic symbol ordering
Relocatable symbols

      At line 144 in file startup_stm32f769xx.s
      At line 329 in file startup_stm32f769xx.s

UART5_IRQHandler 00000030

Symbol: UART5_IRQHandler
   Definitions
      At line 440 in file startup_stm32f769xx.s
   Uses
      At line 145 in file startup_stm32f769xx.s
      At line 330 in file startup_stm32f769xx.s

UART7_IRQHandler 00000030

Symbol: UART7_IRQHandler
   Definitions
      At line 468 in file startup_stm32f769xx.s
   Uses
      At line 174 in file startup_stm32f769xx.s
      At line 358 in file startup_stm32f769xx.s

UART8_IRQHandler 00000030

Symbol: UART8_IRQHandler
   Definitions
      At line 469 in file startup_stm32f769xx.s
   Uses
      At line 175 in file startup_stm32f769xx.s
      At line 359 in file startup_stm32f769xx.s

USART1_IRQHandler 00000030

Symbol: USART1_IRQHandler
   Definitions
      At line 424 in file startup_stm32f769xx.s
   Uses
      At line 129 in file startup_stm32f769xx.s
      At line 314 in file startup_stm32f769xx.s

USART2_IRQHandler 00000030

Symbol: USART2_IRQHandler
   Definitions
      At line 425 in file startup_stm32f769xx.s
   Uses
      At line 130 in file startup_stm32f769xx.s
      At line 315 in file startup_stm32f769xx.s

USART3_IRQHandler 00000030

Symbol: USART3_IRQHandler
   Definitions
      At line 426 in file startup_stm32f769xx.s
   Uses
      At line 131 in file startup_stm32f769xx.s
      At line 316 in file startup_stm32f769xx.s

USART6_IRQHandler 00000030




ARM Macro Assembler    Page 19 Alphabetic symbol ordering
Relocatable symbols

Symbol: USART6_IRQHandler
   Definitions
      At line 458 in file startup_stm32f769xx.s
   Uses
      At line 163 in file startup_stm32f769xx.s
      At line 348 in file startup_stm32f769xx.s

UsageFault_Handler 00000026

Symbol: UsageFault_Handler
   Definitions
      At line 253 in file startup_stm32f769xx.s
   Uses
      At line 80 in file startup_stm32f769xx.s
      At line 254 in file startup_stm32f769xx.s

WWDG_IRQHandler 00000030

Symbol: WWDG_IRQHandler
   Definitions
      At line 387 in file startup_stm32f769xx.s
   Uses
      At line 92 in file startup_stm32f769xx.s
      At line 277 in file startup_stm32f769xx.s

121 symbols



ARM Macro Assembler    Page 1 Alphabetic symbol ordering
Absolute symbols

Heap_Size 00002000

Symbol: Heap_Size
   Definitions
      At line 57 in file startup_stm32f769xx.s
   Uses
      At line 61 in file startup_stm32f769xx.s
Comment: Heap_Size used once
Stack_Size 00004000

Symbol: Stack_Size
   Definitions
      At line 46 in file startup_stm32f769xx.s
   Uses
      At line 49 in file startup_stm32f769xx.s
Comment: Stack_Size used once
__Vectors_Size 000001F8

Symbol: __Vectors_Size
   Definitions
      At line 204 in file startup_stm32f769xx.s
   Uses
      At line 72 in file startup_stm32f769xx.s
Comment: __Vectors_Size used once
3 symbols



ARM Macro Assembler    Page 1 Alphabetic symbol ordering
External symbols

SystemInit 00000000

Symbol: SystemInit
   Definitions
      At line 211 in file startup_stm32f769xx.s
   Uses
      At line 214 in file startup_stm32f769xx.s
Comment: SystemInit used once
__main 00000000

Symbol: __main
   Definitions
      At line 212 in file startup_stm32f769xx.s
   Uses
      At line 216 in file startup_stm32f769xx.s
Comment: __main used once
hard_fault_handler_c 00000000

Symbol: hard_fault_handler_c
   Definitions
      At line 239 in file startup_stm32f769xx.s
   Uses
      At line 240 in file startup_stm32f769xx.s
Comment: hard_fault_handler_c used once
3 symbols
474 symbols in table
